[2025-06-02T09:31:49.972+0000] {manager.py:469} INFO - Processing files using up to 1 processes at a time 
[2025-06-02T09:31:49.973+0000] {manager.py:470} INFO - Process each file at most once every 30 seconds
[2025-06-02T09:31:49.973+0000] {manager.py:471} INFO - Checking for new files in /opt/airflow/dags every 300 seconds
[2025-06-02T09:31:49.973+0000] {manager.py:738} INFO - Searching for files in /opt/airflow/dags
[2025-06-02T09:31:49.975+0000] {manager.py:741} INFO - There are 0 files in /opt/airflow/dags
[2025-06-02T09:36:50.074+0000] {manager.py:738} INFO - Searching for files in /opt/airflow/dags
[2025-06-02T09:36:50.078+0000] {manager.py:741} INFO - There are 0 files in /opt/airflow/dags
[2025-06-02T09:40:41.983+0000] {manager.py:451} INFO - Exiting gracefully upon receiving signal 15
[2025-06-02T09:45:02.069+0000] {manager.py:469} INFO - Processing files using up to 1 processes at a time 
[2025-06-02T09:45:02.069+0000] {manager.py:470} INFO - Process each file at most once every 30 seconds
[2025-06-02T09:45:02.070+0000] {manager.py:471} INFO - Checking for new files in /opt/airflow/dags every 300 seconds
[2025-06-02T09:45:02.070+0000] {manager.py:738} INFO - Searching for files in /opt/airflow/dags
[2025-06-02T09:45:02.072+0000] {manager.py:741} INFO - There are 0 files in /opt/airflow/dags
[2025-06-02T09:46:07.917+0000] {manager.py:451} INFO - Exiting gracefully upon receiving signal 15
[2025-06-02T09:47:39.999+0000] {manager.py:469} INFO - Processing files using up to 1 processes at a time 
[2025-06-02T09:47:40.000+0000] {manager.py:470} INFO - Process each file at most once every 30 seconds
[2025-06-02T09:47:40.000+0000] {manager.py:471} INFO - Checking for new files in /opt/airflow/dags every 300 seconds
[2025-06-02T09:47:40.001+0000] {manager.py:738} INFO - Searching for files in /opt/airflow/dags
[2025-06-02T09:47:40.003+0000] {manager.py:741} INFO - There are 0 files in /opt/airflow/dags
[2025-06-02T09:52:40.099+0000] {manager.py:738} INFO - Searching for files in /opt/airflow/dags
[2025-06-02T09:52:40.103+0000] {manager.py:741} INFO - There are 0 files in /opt/airflow/dags
[2025-06-02T09:57:40.235+0000] {manager.py:738} INFO - Searching for files in /opt/airflow/dags
[2025-06-02T09:57:40.239+0000] {manager.py:741} INFO - There are 0 files in /opt/airflow/dags
[2025-06-02T09:58:26.157+0000] {manager.py:451} INFO - Exiting gracefully upon receiving signal 15
[2025-06-02T10:01:00.268+0000] {manager.py:469} INFO - Processing files using up to 1 processes at a time 
[2025-06-02T10:01:00.268+0000] {manager.py:470} INFO - Process each file at most once every 30 seconds
[2025-06-02T10:01:00.269+0000] {manager.py:471} INFO - Checking for new files in /opt/airflow/dags every 300 seconds
[2025-06-02T10:01:00.269+0000] {manager.py:738} INFO - Searching for files in /opt/airflow/dags
[2025-06-02T10:01:00.271+0000] {manager.py:741} INFO - There are 0 files in /opt/airflow/dags
[2025-06-02T10:03:04.681+0000] {manager.py:451} INFO - Exiting gracefully upon receiving signal 15
[2025-06-02T10:04:01.609+0000] {manager.py:469} INFO - Processing files using up to 1 processes at a time 
[2025-06-02T10:04:01.609+0000] {manager.py:470} INFO - Process each file at most once every 30 seconds
[2025-06-02T10:04:01.610+0000] {manager.py:471} INFO - Checking for new files in /opt/airflow/dags every 300 seconds
[2025-06-02T10:04:01.610+0000] {manager.py:738} INFO - Searching for files in /opt/airflow/dags
[2025-06-02T10:04:01.612+0000] {manager.py:741} INFO - There are 0 files in /opt/airflow/dags
[2025-06-02T10:09:01.707+0000] {manager.py:738} INFO - Searching for files in /opt/airflow/dags
[2025-06-02T10:09:01.710+0000] {manager.py:741} INFO - There are 0 files in /opt/airflow/dags
[2025-06-02T10:11:27.075+0000] {manager.py:451} INFO - Exiting gracefully upon receiving signal 15
[2025-06-02T10:13:46.585+0000] {manager.py:469} INFO - Processing files using up to 1 processes at a time 
[2025-06-02T10:13:46.585+0000] {manager.py:470} INFO - Process each file at most once every 30 seconds
[2025-06-02T10:13:46.586+0000] {manager.py:471} INFO - Checking for new files in /opt/airflow/dags every 300 seconds
[2025-06-02T10:13:46.587+0000] {manager.py:738} INFO - Searching for files in /opt/airflow/dags
[2025-06-02T10:13:46.589+0000] {manager.py:741} INFO - There are 0 files in /opt/airflow/dags
[2025-06-02T10:18:46.665+0000] {manager.py:738} INFO - Searching for files in /opt/airflow/dags
[2025-06-02T10:18:46.667+0000] {manager.py:741} INFO - There are 0 files in /opt/airflow/dags
[2025-06-02T10:22:29.732+0000] {manager.py:451} INFO - Exiting gracefully upon receiving signal 15
[2025-06-02T10:23:22.891+0000] {manager.py:469} INFO - Processing files using up to 1 processes at a time 
[2025-06-02T10:23:22.892+0000] {manager.py:470} INFO - Process each file at most once every 30 seconds
[2025-06-02T10:23:22.893+0000] {manager.py:471} INFO - Checking for new files in /opt/airflow/dags every 300 seconds
[2025-06-02T10:23:22.893+0000] {manager.py:738} INFO - Searching for files in /opt/airflow/dags
[2025-06-02T10:23:22.896+0000] {manager.py:741} INFO - There are 0 files in /opt/airflow/dags
[2025-06-02T10:28:22.997+0000] {manager.py:738} INFO - Searching for files in /opt/airflow/dags
[2025-06-02T10:28:23.002+0000] {manager.py:741} INFO - There are 0 files in /opt/airflow/dags
[2025-06-02T10:33:23.015+0000] {manager.py:738} INFO - Searching for files in /opt/airflow/dags
[2025-06-02T10:33:23.019+0000] {manager.py:741} INFO - There are 0 files in /opt/airflow/dags
[2025-06-02T10:38:23.320+0000] {manager.py:738} INFO - Searching for files in /opt/airflow/dags
[2025-06-02T10:38:23.325+0000] {manager.py:741} INFO - There are 0 files in /opt/airflow/dags
[2025-06-02T10:43:23.501+0000] {manager.py:738} INFO - Searching for files in /opt/airflow/dags
[2025-06-02T10:43:23.507+0000] {manager.py:741} INFO - There are 0 files in /opt/airflow/dags
[2025-06-02T10:48:23.687+0000] {manager.py:738} INFO - Searching for files in /opt/airflow/dags
[2025-06-02T10:48:23.692+0000] {manager.py:741} INFO - There are 0 files in /opt/airflow/dags
[2025-06-02T10:53:23.869+0000] {manager.py:738} INFO - Searching for files in /opt/airflow/dags
[2025-06-02T10:53:23.875+0000] {manager.py:741} INFO - There are 0 files in /opt/airflow/dags
[2025-06-02T10:58:24.064+0000] {manager.py:738} INFO - Searching for files in /opt/airflow/dags
[2025-06-02T10:58:24.074+0000] {manager.py:741} INFO - There are 0 files in /opt/airflow/dags
[2025-06-02T11:03:24.259+0000] {manager.py:738} INFO - Searching for files in /opt/airflow/dags
[2025-06-02T11:03:24.265+0000] {manager.py:741} INFO - There are 0 files in /opt/airflow/dags
[2025-06-03T12:07:55.347+0000] {manager.py:469} INFO - Processing files using up to 1 processes at a time 
[2025-06-03T12:07:55.348+0000] {manager.py:470} INFO - Process each file at most once every 30 seconds
[2025-06-03T12:07:55.348+0000] {manager.py:471} INFO - Checking for new files in /opt/airflow/dags every 300 seconds
[2025-06-03T12:07:55.348+0000] {manager.py:738} INFO - Searching for files in /opt/airflow/dags
[2025-06-03T12:07:55.350+0000] {manager.py:741} INFO - There are 0 files in /opt/airflow/dags
[2025-06-03T12:12:55.349+0000] {manager.py:738} INFO - Searching for files in /opt/airflow/dags
[2025-06-03T12:12:55.353+0000] {manager.py:741} INFO - There are 0 files in /opt/airflow/dags
[2025-06-03T12:17:55.378+0000] {manager.py:738} INFO - Searching for files in /opt/airflow/dags
[2025-06-03T12:17:55.381+0000] {manager.py:741} INFO - There are 0 files in /opt/airflow/dags
[2025-06-03T12:22:55.406+0000] {manager.py:738} INFO - Searching for files in /opt/airflow/dags
[2025-06-03T12:22:55.409+0000] {manager.py:741} INFO - There are 0 files in /opt/airflow/dags
[2025-06-03T12:27:55.436+0000] {manager.py:738} INFO - Searching for files in /opt/airflow/dags
[2025-06-03T12:27:55.438+0000] {manager.py:741} INFO - There are 0 files in /opt/airflow/dags
[2025-06-03T12:32:55.463+0000] {manager.py:738} INFO - Searching for files in /opt/airflow/dags
[2025-06-03T12:32:55.466+0000] {manager.py:741} INFO - There are 0 files in /opt/airflow/dags
[2025-06-03T12:37:55.489+0000] {manager.py:738} INFO - Searching for files in /opt/airflow/dags
[2025-06-03T12:37:55.492+0000] {manager.py:741} INFO - There are 0 files in /opt/airflow/dags
[2025-06-03T12:42:55.516+0000] {manager.py:738} INFO - Searching for files in /opt/airflow/dags
[2025-06-03T12:42:55.519+0000] {manager.py:741} INFO - There are 0 files in /opt/airflow/dags
[2025-06-03T12:47:55.545+0000] {manager.py:738} INFO - Searching for files in /opt/airflow/dags
[2025-06-03T12:47:55.548+0000] {manager.py:741} INFO - There are 0 files in /opt/airflow/dags
[2025-06-03T12:52:55.579+0000] {manager.py:738} INFO - Searching for files in /opt/airflow/dags
[2025-06-03T12:52:55.583+0000] {manager.py:741} INFO - There are 0 files in /opt/airflow/dags
[2025-06-03T12:57:55.608+0000] {manager.py:738} INFO - Searching for files in /opt/airflow/dags
[2025-06-03T12:57:55.612+0000] {manager.py:741} INFO - There are 0 files in /opt/airflow/dags
[2025-06-03T13:02:55.638+0000] {manager.py:738} INFO - Searching for files in /opt/airflow/dags
[2025-06-03T13:02:55.642+0000] {manager.py:741} INFO - There are 0 files in /opt/airflow/dags
[2025-06-03T13:07:55.665+0000] {manager.py:738} INFO - Searching for files in /opt/airflow/dags
[2025-06-03T13:07:55.668+0000] {manager.py:741} INFO - There are 0 files in /opt/airflow/dags
[2025-06-03T13:12:55.692+0000] {manager.py:738} INFO - Searching for files in /opt/airflow/dags
[2025-06-03T13:12:55.695+0000] {manager.py:741} INFO - There are 0 files in /opt/airflow/dags
[2025-06-03T13:17:55.722+0000] {manager.py:738} INFO - Searching for files in /opt/airflow/dags
[2025-06-03T13:17:55.725+0000] {manager.py:741} INFO - There are 0 files in /opt/airflow/dags
[2025-06-03T13:22:55.748+0000] {manager.py:738} INFO - Searching for files in /opt/airflow/dags
[2025-06-03T13:22:55.752+0000] {manager.py:741} INFO - There are 0 files in /opt/airflow/dags
[2025-06-03T13:27:55.776+0000] {manager.py:738} INFO - Searching for files in /opt/airflow/dags
[2025-06-03T13:27:55.780+0000] {manager.py:741} INFO - There are 0 files in /opt/airflow/dags
[2025-06-03T13:32:55.809+0000] {manager.py:738} INFO - Searching for files in /opt/airflow/dags
[2025-06-03T13:32:55.812+0000] {manager.py:741} INFO - There are 0 files in /opt/airflow/dags
[2025-06-03T13:37:55.835+0000] {manager.py:738} INFO - Searching for files in /opt/airflow/dags
[2025-06-03T13:37:55.839+0000] {manager.py:741} INFO - There are 0 files in /opt/airflow/dags
[2025-06-03T13:42:55.847+0000] {manager.py:738} INFO - Searching for files in /opt/airflow/dags
[2025-06-03T13:42:55.850+0000] {manager.py:741} INFO - There are 0 files in /opt/airflow/dags
[2025-06-03T13:47:55.873+0000] {manager.py:738} INFO - Searching for files in /opt/airflow/dags
[2025-06-03T13:47:55.877+0000] {manager.py:741} INFO - There are 0 files in /opt/airflow/dags
[2025-06-03T13:52:55.901+0000] {manager.py:738} INFO - Searching for files in /opt/airflow/dags
[2025-06-03T13:52:55.904+0000] {manager.py:741} INFO - There are 0 files in /opt/airflow/dags
[2025-06-03T13:57:55.929+0000] {manager.py:738} INFO - Searching for files in /opt/airflow/dags
[2025-06-03T13:57:55.933+0000] {manager.py:741} INFO - There are 0 files in /opt/airflow/dags
[2025-06-03T14:02:55.962+0000] {manager.py:738} INFO - Searching for files in /opt/airflow/dags
[2025-06-03T14:02:55.965+0000] {manager.py:741} INFO - There are 0 files in /opt/airflow/dags
[2025-06-03T14:07:55.991+0000] {manager.py:738} INFO - Searching for files in /opt/airflow/dags
[2025-06-03T14:07:55.995+0000] {manager.py:741} INFO - There are 0 files in /opt/airflow/dags
[2025-06-03T14:12:56.019+0000] {manager.py:738} INFO - Searching for files in /opt/airflow/dags
[2025-06-03T14:12:56.022+0000] {manager.py:741} INFO - There are 0 files in /opt/airflow/dags
[2025-06-03T14:17:56.048+0000] {manager.py:738} INFO - Searching for files in /opt/airflow/dags
[2025-06-03T14:17:56.051+0000] {manager.py:741} INFO - There are 0 files in /opt/airflow/dags
[2025-06-03T14:22:56.079+0000] {manager.py:738} INFO - Searching for files in /opt/airflow/dags
[2025-06-03T14:22:56.081+0000] {manager.py:741} INFO - There are 0 files in /opt/airflow/dags
[2025-06-03T14:27:56.111+0000] {manager.py:738} INFO - Searching for files in /opt/airflow/dags
[2025-06-03T14:27:56.115+0000] {manager.py:741} INFO - There are 0 files in /opt/airflow/dags
[2025-06-03T14:32:56.144+0000] {manager.py:738} INFO - Searching for files in /opt/airflow/dags
[2025-06-03T14:32:56.147+0000] {manager.py:741} INFO - There are 0 files in /opt/airflow/dags
[2025-06-03T14:37:56.174+0000] {manager.py:738} INFO - Searching for files in /opt/airflow/dags
[2025-06-03T14:37:56.177+0000] {manager.py:741} INFO - There are 0 files in /opt/airflow/dags
[2025-06-03T14:42:56.183+0000] {manager.py:738} INFO - Searching for files in /opt/airflow/dags
[2025-06-03T14:42:56.187+0000] {manager.py:741} INFO - There are 0 files in /opt/airflow/dags
[2025-06-03T14:47:56.223+0000] {manager.py:738} INFO - Searching for files in /opt/airflow/dags
[2025-06-03T14:47:56.226+0000] {manager.py:741} INFO - There are 0 files in /opt/airflow/dags
[2025-06-03T14:52:56.252+0000] {manager.py:738} INFO - Searching for files in /opt/airflow/dags
[2025-06-03T14:52:56.255+0000] {manager.py:741} INFO - There are 0 files in /opt/airflow/dags
[2025-06-03T14:57:56.257+0000] {manager.py:738} INFO - Searching for files in /opt/airflow/dags
[2025-06-03T14:57:56.260+0000] {manager.py:741} INFO - There are 0 files in /opt/airflow/dags
[2025-06-03T15:02:56.289+0000] {manager.py:738} INFO - Searching for files in /opt/airflow/dags
[2025-06-03T15:02:56.293+0000] {manager.py:741} INFO - There are 0 files in /opt/airflow/dags
[2025-06-03T15:07:56.317+0000] {manager.py:738} INFO - Searching for files in /opt/airflow/dags
[2025-06-03T15:07:56.321+0000] {manager.py:741} INFO - There are 0 files in /opt/airflow/dags
[2025-06-03T15:12:56.333+0000] {manager.py:738} INFO - Searching for files in /opt/airflow/dags
[2025-06-03T15:12:56.337+0000] {manager.py:741} INFO - There are 0 files in /opt/airflow/dags
[2025-06-03T15:17:56.360+0000] {manager.py:738} INFO - Searching for files in /opt/airflow/dags
[2025-06-03T15:17:56.363+0000] {manager.py:741} INFO - There are 0 files in /opt/airflow/dags
[2025-06-04T12:24:34.247+0000] {manager.py:469} INFO - Processing files using up to 1 processes at a time 
[2025-06-04T12:24:34.248+0000] {manager.py:470} INFO - Process each file at most once every 30 seconds
[2025-06-04T12:24:34.249+0000] {manager.py:471} INFO - Checking for new files in /opt/airflow/dags every 300 seconds
[2025-06-04T12:24:34.249+0000] {manager.py:738} INFO - Searching for files in /opt/airflow/dags
[2025-06-04T12:24:34.252+0000] {manager.py:741} INFO - There are 0 files in /opt/airflow/dags
[2025-06-04T12:27:38.355+0000] {manager.py:451} INFO - Exiting gracefully upon receiving signal 15
[2025-06-04T12:28:52.125+0000] {manager.py:469} INFO - Processing files using up to 1 processes at a time 
[2025-06-04T12:28:52.126+0000] {manager.py:470} INFO - Process each file at most once every 30 seconds
[2025-06-04T12:28:52.127+0000] {manager.py:471} INFO - Checking for new files in /opt/airflow/dags every 300 seconds
[2025-06-04T12:28:52.127+0000] {manager.py:738} INFO - Searching for files in /opt/airflow/dags
[2025-06-04T12:28:52.129+0000] {manager.py:741} INFO - There are 0 files in /opt/airflow/dags
[2025-06-04T12:30:00.881+0000] {manager.py:451} INFO - Exiting gracefully upon receiving signal 15
[2025-06-04T12:31:01.634+0000] {manager.py:469} INFO - Processing files using up to 1 processes at a time 
[2025-06-04T12:31:01.635+0000] {manager.py:470} INFO - Process each file at most once every 30 seconds
[2025-06-04T12:31:01.635+0000] {manager.py:471} INFO - Checking for new files in /opt/airflow/dags every 300 seconds
[2025-06-04T12:31:01.636+0000] {manager.py:738} INFO - Searching for files in /opt/airflow/dags
[2025-06-04T12:31:01.638+0000] {manager.py:741} INFO - There are 0 files in /opt/airflow/dags
[2025-06-04T12:33:14.029+0000] {manager.py:451} INFO - Exiting gracefully upon receiving signal 15
[2025-06-04T12:36:23.538+0000] {manager.py:469} INFO - Processing files using up to 1 processes at a time 
[2025-06-04T12:36:23.539+0000] {manager.py:470} INFO - Process each file at most once every 30 seconds
[2025-06-04T12:36:23.540+0000] {manager.py:471} INFO - Checking for new files in /opt/airflow/dags every 300 seconds
[2025-06-04T12:36:23.540+0000] {manager.py:738} INFO - Searching for files in /opt/airflow/dags
[2025-06-04T12:36:23.543+0000] {manager.py:741} INFO - There are 0 files in /opt/airflow/dags
[2025-06-04T12:41:23.712+0000] {manager.py:738} INFO - Searching for files in /opt/airflow/dags
[2025-06-04T12:41:23.715+0000] {manager.py:741} INFO - There are 0 files in /opt/airflow/dags
[2025-06-04T12:46:23.953+0000] {manager.py:738} INFO - Searching for files in /opt/airflow/dags
[2025-06-04T12:46:23.956+0000] {manager.py:741} INFO - There are 0 files in /opt/airflow/dags
[2025-06-04T12:51:24.077+0000] {manager.py:738} INFO - Searching for files in /opt/airflow/dags
[2025-06-04T12:51:24.081+0000] {manager.py:741} INFO - There are 0 files in /opt/airflow/dags
[2025-06-04T12:56:24.219+0000] {manager.py:738} INFO - Searching for files in /opt/airflow/dags
[2025-06-04T12:56:24.223+0000] {manager.py:741} INFO - There are 0 files in /opt/airflow/dags
[2025-06-04T13:01:24.363+0000] {manager.py:738} INFO - Searching for files in /opt/airflow/dags
[2025-06-04T13:01:24.368+0000] {manager.py:741} INFO - There are 0 files in /opt/airflow/dags
[2025-06-04T13:06:24.516+0000] {manager.py:738} INFO - Searching for files in /opt/airflow/dags
[2025-06-04T13:06:24.520+0000] {manager.py:741} INFO - There are 0 files in /opt/airflow/dags
[2025-06-04T13:11:24.678+0000] {manager.py:738} INFO - Searching for files in /opt/airflow/dags
[2025-06-04T13:11:24.682+0000] {manager.py:741} INFO - There are 0 files in /opt/airflow/dags
[2025-06-04T13:16:24.821+0000] {manager.py:738} INFO - Searching for files in /opt/airflow/dags
[2025-06-04T13:16:24.825+0000] {manager.py:741} INFO - There are 0 files in /opt/airflow/dags
[2025-06-04T13:20:30.060+0000] {manager.py:451} INFO - Exiting gracefully upon receiving signal 15
[2025-06-04T13:21:54.919+0000] {manager.py:469} INFO - Processing files using up to 1 processes at a time 
[2025-06-04T13:21:54.920+0000] {manager.py:470} INFO - Process each file at most once every 30 seconds
[2025-06-04T13:21:54.921+0000] {manager.py:471} INFO - Checking for new files in /opt/airflow/dags every 300 seconds
[2025-06-04T13:21:54.921+0000] {manager.py:738} INFO - Searching for files in /opt/airflow/dags
[2025-06-04T13:21:54.924+0000] {manager.py:741} INFO - There are 0 files in /opt/airflow/dags
[2025-06-04T13:24:51.081+0000] {manager.py:451} INFO - Exiting gracefully upon receiving signal 15
[2025-06-04T13:25:48.335+0000] {manager.py:469} INFO - Processing files using up to 1 processes at a time 
[2025-06-04T13:25:48.335+0000] {manager.py:470} INFO - Process each file at most once every 30 seconds
[2025-06-04T13:25:48.336+0000] {manager.py:471} INFO - Checking for new files in /opt/airflow/dags every 300 seconds
[2025-06-04T13:25:48.336+0000] {manager.py:738} INFO - Searching for files in /opt/airflow/dags
[2025-06-04T13:25:48.339+0000] {manager.py:741} INFO - There are 0 files in /opt/airflow/dags
[2025-06-04T13:28:43.426+0000] {manager.py:451} INFO - Exiting gracefully upon receiving signal 15
[2025-06-04T13:33:46.219+0000] {manager.py:469} INFO - Processing files using up to 1 processes at a time 
[2025-06-04T13:33:46.220+0000] {manager.py:470} INFO - Process each file at most once every 30 seconds
[2025-06-04T13:33:46.221+0000] {manager.py:471} INFO - Checking for new files in /opt/airflow/dags every 300 seconds
[2025-06-04T13:33:46.221+0000] {manager.py:738} INFO - Searching for files in /opt/airflow/dags
[2025-06-04T13:33:46.226+0000] {manager.py:741} INFO - There are 0 files in /opt/airflow/dags
[2025-06-04T13:36:34.680+0000] {manager.py:451} INFO - Exiting gracefully upon receiving signal 15
[2025-06-04T13:37:32.464+0000] {manager.py:469} INFO - Processing files using up to 1 processes at a time 
[2025-06-04T13:37:32.465+0000] {manager.py:470} INFO - Process each file at most once every 30 seconds
[2025-06-04T13:37:32.465+0000] {manager.py:471} INFO - Checking for new files in /opt/airflow/dags every 300 seconds
[2025-06-04T13:37:32.466+0000] {manager.py:738} INFO - Searching for files in /opt/airflow/dags
[2025-06-04T13:37:32.467+0000] {manager.py:741} INFO - There are 0 files in /opt/airflow/dags
[2025-06-04T13:42:32.537+0000] {manager.py:738} INFO - Searching for files in /opt/airflow/dags
[2025-06-04T13:42:32.540+0000] {manager.py:741} INFO - There are 0 files in /opt/airflow/dags
[2025-06-04T13:44:23.727+0000] {manager.py:451} INFO - Exiting gracefully upon receiving signal 15
[2025-06-04T13:52:05.241+0000] {manager.py:469} INFO - Processing files using up to 1 processes at a time 
[2025-06-04T13:52:05.242+0000] {manager.py:470} INFO - Process each file at most once every 30 seconds
[2025-06-04T13:52:05.242+0000] {manager.py:471} INFO - Checking for new files in /opt/airflow/dags every 300 seconds
[2025-06-04T13:52:05.243+0000] {manager.py:738} INFO - Searching for files in /opt/airflow/dags
[2025-06-04T13:52:05.246+0000] {manager.py:741} INFO - There are 0 files in /opt/airflow/dags
[2025-06-04T13:55:29.681+0000] {manager.py:451} INFO - Exiting gracefully upon receiving signal 15
[2025-06-04T13:57:52.009+0000] {manager.py:469} INFO - Processing files using up to 1 processes at a time 
[2025-06-04T13:57:52.009+0000] {manager.py:470} INFO - Process each file at most once every 30 seconds
[2025-06-04T13:57:52.010+0000] {manager.py:471} INFO - Checking for new files in /opt/airflow/dags every 300 seconds
[2025-06-04T13:57:52.010+0000] {manager.py:738} INFO - Searching for files in /opt/airflow/dags
[2025-06-04T13:57:52.013+0000] {manager.py:741} INFO - There are 0 files in /opt/airflow/dags
[2025-06-04T14:02:52.058+0000] {manager.py:738} INFO - Searching for files in /opt/airflow/dags
[2025-06-04T14:02:52.061+0000] {manager.py:741} INFO - There are 0 files in /opt/airflow/dags
[2025-06-04T14:02:58.908+0000] {manager.py:451} INFO - Exiting gracefully upon receiving signal 15
